<?xml version="1.0" encoding="UTF-8"?>
<testng-results ignored="0" total="1" passed="1" failed="0" skipped="0">
  <reporter-output>
  </reporter-output>
  <suite started-at="2019-01-16T08:36:47Z" name="Default suite" finished-at="2019-01-16T08:37:01Z" duration-ms="13970">
    <groups>
    </groups>
    <test started-at="2019-01-16T08:36:47Z" name="Default test" finished-at="2019-01-16T08:37:01Z" duration-ms="13970">
      <class name="TestNg.Login_test">
        <test-method signature="test_login()[pri:0, instance:TestNg.Login_test@d21a74c]" started-at="2019-01-16T08:36:47Z" name="test_login" finished-at="2019-01-16T08:37:01Z" duration-ms="13928" status="PASS">
          <reporter-output>
          </reporter-output>
        </test-method> <!-- test_login -->
      </class> <!-- TestNg.Login_test -->
    </test> <!-- Default test -->
  </suite> <!-- Default suite -->
</testng-results>
